<?xml version="1.0" encoding="UTF-8"?>
<!-- Generated by org.testng.reporters.JUnitXMLReporter -->
<testsuite hostname="Yeshwant" ignored="0" name="Test" tests="2" failures="2" timestamp="15 Apr 2018 12:38:10 GMT" time="304.663" errors="0">
  <testcase name="ValidLogin" time="0.031" classname="testCases.TC001_ValidLogin">
    <failure type="java.lang.NullPointerException">
      <![CDATA[java.lang.NullPointerException
	at org.openqa.selenium.support.pagefactory.DefaultElementLocator.findElement(DefaultElementLocator.java:69)
	at org.openqa.selenium.support.pagefactory.internal.LocatingElementHandler.invoke(LocatingElementHandler.java:38)
	at com.sun.proxy.$Proxy7.sendKeys(Unknown Source)
	at pages.SBIHomePage.loginProcess(SBIHomePage.java:66)
	at testCases.TC001_ValidLogin.ValidLogin(TC001_ValidLogin.java:18)
	at java.util.concurrent.FutureTask.run(FutureTask.java:266)
	at java.util.concurrent.ThreadPoolExecutor.runWorker(ThreadPoolExecutor.java:1149)
	at java.util.concurrent.ThreadPoolExecutor$Worker.run(ThreadPoolExecutor.java:624)
	at java.lang.Thread.run(Thread.java:748)
... Removed 16 stack frames]]>
    </failure>
  </testcase> <!-- ValidLogin -->
  <testcase name="ValidLogin" time="0.04" classname="testCases.TC001_ValidLogin">
    <failure type="java.lang.NullPointerException">
      <![CDATA[java.lang.NullPointerException
	at listeners.MyListener.onTestFailure(MyListener.java:40)
	at java.util.concurrent.FutureTask.run(FutureTask.java:266)
	at java.util.concurrent.ThreadPoolExecutor.runWorker(ThreadPoolExecutor.java:1149)
	at java.util.concurrent.ThreadPoolExecutor$Worker.run(ThreadPoolExecutor.java:624)
	at java.lang.Thread.run(Thread.java:748)
... Removed 13 stack frames]]>
    </failure>
  </testcase> <!-- ValidLogin -->
</testsuite> <!-- Test -->
